<?xml version="1.0" encoding="UTF-8"?>
<!-- Generated by org.testng.reporters.JUnitXMLReporter -->
<testsuite ignored="8" hostname="LTIN178073" failures="0" tests="23" name="Test" time="100.571" errors="0" timestamp="2024-02-28T18:48:02 IST">
  <testcase classname="TestCases.TC_001_HomePage" name="Click_FindDoc" time="5.148"/>
  <testcase classname="TestCases.TC_002_DetailsPage" name="clear_Details" time="0.898"/>
  <testcase classname="TestCases.TC_002_DetailsPage" name="give_Specility" time="4.68"/>
  <testcase classname="TestCases.TC_003_FilterPage" name="Give_Storyfil" time="0.655"/>
  <testcase classname="TestCases.TC_003_FilterPage" name="Give_Expe" time="0.406"/>
  <testcase classname="TestCases.TC_003_FilterPage" name="allFilter_click" time="0.595"/>
  <testcase classname="TestCases.TC_003_FilterPage" name="Select_sortby" time="3.773"/>
  <testcase classname="TestCases.TC_003_FilterPage" name="scrollDown" time="10.551"/>
  <testcase classname="TestCases.TC_003_FilterPage" name="Print_docName" time="4.709"/>
  <testcase classname="TestCases.TC_003_FilterPage" name="Print_docExpe" time="1.991"/>
  <testcase classname="TestCases.TC_003_FilterPage" name="Print_DocAddress" time="1.623"/>
  <testcase classname="TestCases.TC_003_FilterPage" name="Print_docFee" time="1.266"/>
  <testcase classname="TestCases.TC_003_FilterPage" name="Click_surgeries" time="2.214"/>
  <testcase classname="TestCases.TC_004_SurgeriesPage" name="pageScroll" time="0.464"/>
  <testcase classname="TestCases.TC_004_SurgeriesPage" name="print_SurgriesType" time="2.722"/>
  <testcase classname="TestCases.TC_004_SurgeriesPage" name="Select_HealthWellness" time="6.941"/>
  <testcase classname="TestCases.TC_005_FormPage" name="Invalid_formInput" time="1.821"/>
  <testcase classname="TestCases.TC_005_FormPage" name="sizeOfOrganizationAndInterest" time="1.09"/>
  <testcase classname="TestCases.TC_005_FormPage" name="SubmitButton" time="0.504"/>
  <testcase classname="TestCases.TC_005_FormPage" name="clear" time="2.418"/>
  <testcase classname="TestCases.TC_005_FormPage" name="valid_formInput" time="0.932"/>
  <testcase classname="TestCases.TC_005_FormPage" name="organization_size_and_Interest" time="0.399"/>
  <testcase classname="TestCases.TC_005_FormPage" name="SubmitButton1" time="24.026"/>
  <testcase classname="TestBase.BaseClass" name="@BeforeTest setup" time="0.0">
    <ignored/>
  </testcase> <!-- @BeforeTest setup -->
  <testcase classname="TestBase.BaseClass" name="@BeforeTest setup" time="0.0">
    <ignored/>
  </testcase> <!-- @BeforeTest setup -->
  <testcase classname="TestBase.BaseClass" name="@BeforeTest setup" time="0.0">
    <ignored/>
  </testcase> <!-- @BeforeTest setup -->
  <testcase classname="TestBase.BaseClass" name="@BeforeTest setup" time="0.0">
    <ignored/>
  </testcase> <!-- @BeforeTest setup -->
  <testcase classname="TestBase.BaseClass" name="@AfterTest tearDown" time="0.0">
    <ignored/>
  </testcase> <!-- @AfterTest tearDown -->
  <testcase classname="TestBase.BaseClass" name="@AfterTest tearDown" time="0.0">
    <ignored/>
  </testcase> <!-- @AfterTest tearDown -->
  <testcase classname="TestBase.BaseClass" name="@AfterTest tearDown" time="0.0">
    <ignored/>
  </testcase> <!-- @AfterTest tearDown -->
  <testcase classname="TestBase.BaseClass" name="@AfterTest tearDown" time="0.0">
    <ignored/>
  </testcase> <!-- @AfterTest tearDown -->
</testsuite> <!-- Test -->
